The system is: Linux - 3.16.0-38-generic - x86_64
Compiling the C compiler identification source file "CMakeCCompilerId.c" succeeded.
Compiler: /usr/bin/arm-linux-gnueabi-gcc 
Build flags: 
Id flags: 

The output was:
0


Compilation of the C compiler identification source "CMakeCCompilerId.c" produced "a.out"

The C compiler identification is GNU, found in "/home/moe/workspace/fp_github/flowerpower/c-s/build_arm/CMakeFiles/2.8.12.2/CompilerIdC/a.out"

Compiling the CXX compiler identification source file "CMakeCXXCompilerId.cpp" succeeded.
Compiler: /usr/bin/arm-linux-gnueabi-gcc 
Build flags: 
Id flags: 

The output was:
0


Compilation of the CXX compiler identification source "CMakeCXXCompilerId.cpp" produced "a.out"

The CXX compiler identification is GNU, found in "/home/moe/workspace/fp_github/flowerpower/c-s/build_arm/CMakeFiles/2.8.12.2/CompilerIdCXX/a.out"

Determining if the C compiler works passed with the following output:
Change Dir: /home/moe/workspace/fp_github/flowerpower/c-s/build_arm/CMakeFiles/CMakeTmp

Run Build Command:/usr/bin/make "cmTryCompileExec2093342783/fast"
/usr/bin/make -f CMakeFiles/cmTryCompileExec2093342783.dir/build.make CMakeFiles/cmTryCompileExec2093342783.dir/build
make[1]: Entering directory `/home/moe/workspace/fp_github/flowerpower/c-s/build_arm/CMakeFiles/CMakeTmp'
/usr/bin/cmake -E cmake_progress_report /home/moe/workspace/fp_github/flowerpower/c-s/build_arm/CMakeFiles/CMakeTmp/CMakeFiles 1
Building C object CMakeFiles/cmTryCompileExec2093342783.dir/testCCompiler.c.o
/usr/bin/arm-linux-gnueabi-gcc    -o CMakeFiles/cmTryCompileExec2093342783.dir/testCCompiler.c.o   -c /home/moe/workspace/fp_github/flowerpower/c-s/build_arm/CMakeFiles/CMakeTmp/testCCompiler.c
Linking C executable cmTryCompileExec2093342783
/usr/bin/cmake -E cmake_link_script CMakeFiles/cmTryCompileExec2093342783.dir/link.txt --verbose=1
/usr/bin/arm-linux-gnueabi-gcc       CMakeFiles/cmTryCompileExec2093342783.dir/testCCompiler.c.o  -o cmTryCompileExec2093342783 -rdynamic 
make[1]: Leaving directory `/home/moe/workspace/fp_github/flowerpower/c-s/build_arm/CMakeFiles/CMakeTmp'


Detecting C compiler ABI info compiled with the following output:
Change Dir: /home/moe/workspace/fp_github/flowerpower/c-s/build_arm/CMakeFiles/CMakeTmp

Run Build Command:/usr/bin/make "cmTryCompileExec3251946819/fast"
/usr/bin/make -f CMakeFiles/cmTryCompileExec3251946819.dir/build.make CMakeFiles/cmTryCompileExec3251946819.dir/build
make[1]: Entering directory `/home/moe/workspace/fp_github/flowerpower/c-s/build_arm/CMakeFiles/CMakeTmp'
/usr/bin/cmake -E cmake_progress_report /home/moe/workspace/fp_github/flowerpower/c-s/build_arm/CMakeFiles/CMakeTmp/CMakeFiles 1
Building C object CMakeFiles/cmTryCompileExec3251946819.dir/CMakeCCompilerABI.c.o
/usr/bin/arm-linux-gnueabi-gcc    -o CMakeFiles/cmTryCompileExec3251946819.dir/CMakeCCompilerABI.c.o   -c /usr/share/cmake-2.8/Modules/CMakeCCompilerABI.c
Linking C executable cmTryCompileExec3251946819
/usr/bin/cmake -E cmake_link_script CMakeFiles/cmTryCompileExec3251946819.dir/link.txt --verbose=1
/usr/bin/arm-linux-gnueabi-gcc     -v CMakeFiles/cmTryCompileExec3251946819.dir/CMakeCCompilerABI.c.o  -o cmTryCompileExec3251946819 -rdynamic  
Using built-in specs.
COLLECT_GCC=/usr/bin/arm-linux-gnueabi-gcc
COLLECT_LTO_WRAPPER=/usr/lib/gcc-cross/arm-linux-gnueabi/4.7/lto-wrapper
Target: arm-linux-gnueabi
Configured with: ../src/configure -v --with-pkgversion='Ubuntu/Linaro 4.7.3-12ubuntu1' --with-bugurl=file:///usr/share/doc/gcc-4.7/README.Bugs --enable-languages=c,c++,go,fortran,objc,obj-c++ --prefix=/usr --program-suffix=-4.7 --enable-shared --enable-linker-build-id --libexecdir=/usr/lib --without-included-gettext --enable-threads=posix --with-gxx-include-dir=/usr/arm-linux-gnueabi/include/c++/4.7.3 --libdir=/usr/lib --enable-nls --with-sysroot=/ --enable-clocale=gnu --enable-libstdcxx-debug --enable-gnu-unique-object --disable-libmudflap --disable-libitm --enable-plugin --with-system-zlib --enable-objc-gc --with-cloog --enable-cloog-backend=ppl --disable-cloog-version-check --disable-ppl-version-check --enable-multiarch --enable-multilib --disable-sjlj-exceptions --with-arch=armv5t --with-float=soft --disable-werror --enable-checking=release --build=x86_64-linux-gnu --host=x86_64-linux-gnu --target=arm-linux-gnueabi --program-prefix=arm-linux-gnueabi- --includedir=/usr/arm-linux-gnueabi/include
Thread model: posix
gcc version 4.7.3 (Ubuntu/Linaro 4.7.3-12ubuntu1) 
COMPILER_PATH=/usr/lib/gcc-cross/arm-linux-gnueabi/4.7/:/usr/lib/gcc-cross/arm-linux-gnueabi/4.7/:/usr/lib/gcc-cross/arm-linux-gnueabi/:/usr/lib/gcc-cross/arm-linux-gnueabi/4.7/:/usr/lib/gcc-cross/arm-linux-gnueabi/:/usr/lib/gcc-cross/arm-linux-gnueabi/4.7/../../../../arm-linux-gnueabi/bin/
LIBRARY_PATH=/usr/lib/gcc-cross/arm-linux-gnueabi/4.7/../../../../arm-linux-gnueabi/lib/../lib/:/lib/../lib/:/usr/lib/../lib/:/usr/lib/gcc-cross/arm-linux-gnueabi/4.7/:/usr/lib/gcc-cross/arm-linux-gnueabi/4.7/../../../../arm-linux-gnueabi/lib/:/lib/:/usr/lib/
COLLECT_GCC_OPTIONS='-v' '-o' 'cmTryCompileExec3251946819' '-rdynamic' '-march=armv5t' '-mfloat-abi=soft' '-mtls-dialect=gnu'
 /usr/lib/gcc-cross/arm-linux-gnueabi/4.7/collect2 --sysroot=/ --build-id --eh-frame-hdr -export-dynamic -dynamic-linker /lib/ld-linux.so.3 -X --hash-style=gnu --as-needed -m armelf_linux_eabi -z relro -o cmTryCompileExec3251946819 /usr/lib/gcc-cross/arm-linux-gnueabi/4.7/../../../../arm-linux-gnueabi/lib/../lib/crt1.o /usr/lib/gcc-cross/arm-linux-gnueabi/4.7/../../../../arm-linux-gnueabi/lib/../lib/crti.o /usr/lib/gcc-cross/arm-linux-gnueabi/4.7/crtbegin.o -L/usr/lib/gcc-cross/arm-linux-gnueabi/4.7/../../../../arm-linux-gnueabi/lib/../lib -L/lib/../lib -L/usr/lib/../lib -L/usr/lib/gcc-cross/arm-linux-gnueabi/4.7 -L/usr/lib/gcc-cross/arm-linux-gnueabi/4.7/../../../../arm-linux-gnueabi/lib CMakeFiles/cmTryCompileExec3251946819.dir/CMakeCCompilerABI.c.o -lgcc --as-needed -lgcc_s --no-as-needed -lc -lgcc --as-needed -lgcc_s --no-as-needed /usr/lib/gcc-cross/arm-linux-gnueabi/4.7/crtend.o /usr/lib/gcc-cross/arm-linux-gnueabi/4.7/../../../../arm-linux-gnueabi/lib/../lib/crtn.o
make[1]: Leaving directory `/home/moe/workspace/fp_github/flowerpower/c-s/build_arm/CMakeFiles/CMakeTmp'


Parsed C implicit link information from above output:
  link line regex: [^( *|.*[/\])(ld|([^/\]+-)?ld|collect2)[^/\]*( |$)]
  ignore line: [Change Dir: /home/moe/workspace/fp_github/flowerpower/c-s/build_arm/CMakeFiles/CMakeTmp]
  ignore line: []
  ignore line: [Run Build Command:/usr/bin/make "cmTryCompileExec3251946819/fast"]
  ignore line: [/usr/bin/make -f CMakeFiles/cmTryCompileExec3251946819.dir/build.make CMakeFiles/cmTryCompileExec3251946819.dir/build]
  ignore line: [make[1]: Entering directory `/home/moe/workspace/fp_github/flowerpower/c-s/build_arm/CMakeFiles/CMakeTmp']
  ignore line: [/usr/bin/cmake -E cmake_progress_report /home/moe/workspace/fp_github/flowerpower/c-s/build_arm/CMakeFiles/CMakeTmp/CMakeFiles 1]
  ignore line: [Building C object CMakeFiles/cmTryCompileExec3251946819.dir/CMakeCCompilerABI.c.o]
  ignore line: [/usr/bin/arm-linux-gnueabi-gcc    -o CMakeFiles/cmTryCompileExec3251946819.dir/CMakeCCompilerABI.c.o   -c /usr/share/cmake-2.8/Modules/CMakeCCompilerABI.c]
  ignore line: [Linking C executable cmTryCompileExec3251946819]
  ignore line: [/usr/bin/cmake -E cmake_link_script CMakeFiles/cmTryCompileExec3251946819.dir/link.txt --verbose=1]
  ignore line: [/usr/bin/arm-linux-gnueabi-gcc     -v CMakeFiles/cmTryCompileExec3251946819.dir/CMakeCCompilerABI.c.o  -o cmTryCompileExec3251946819 -rdynamic  ]
  ignore line: [Using built-in specs.]
  ignore line: [COLLECT_GCC=/usr/bin/arm-linux-gnueabi-gcc]
  ignore line: [COLLECT_LTO_WRAPPER=/usr/lib/gcc-cross/arm-linux-gnueabi/4.7/lto-wrapper]
  ignore line: [Target: arm-linux-gnueabi]
  ignore line: [Configured with: ../src/configure -v --with-pkgversion='Ubuntu/Linaro 4.7.3-12ubuntu1' --with-bugurl=file:///usr/share/doc/gcc-4.7/README.Bugs --enable-languages=c,c++,go,fortran,objc,obj-c++ --prefix=/usr --program-suffix=-4.7 --enable-shared --enable-linker-build-id --libexecdir=/usr/lib --without-included-gettext --enable-threads=posix --with-gxx-include-dir=/usr/arm-linux-gnueabi/include/c++/4.7.3 --libdir=/usr/lib --enable-nls --with-sysroot=/ --enable-clocale=gnu --enable-libstdcxx-debug --enable-gnu-unique-object --disable-libmudflap --disable-libitm --enable-plugin --with-system-zlib --enable-objc-gc --with-cloog --enable-cloog-backend=ppl --disable-cloog-version-check --disable-ppl-version-check --enable-multiarch --enable-multilib --disable-sjlj-exceptions --with-arch=armv5t --with-float=soft --disable-werror --enable-checking=release --build=x86_64-linux-gnu --host=x86_64-linux-gnu --target=arm-linux-gnueabi --program-prefix=arm-linux-gnueabi- --includedir=/usr/arm-linux-gnueabi/include]
  ignore line: [Thread model: posix]
  ignore line: [gcc version 4.7.3 (Ubuntu/Linaro 4.7.3-12ubuntu1) ]
  ignore line: [COMPILER_PATH=/usr/lib/gcc-cross/arm-linux-gnueabi/4.7/:/usr/lib/gcc-cross/arm-linux-gnueabi/4.7/:/usr/lib/gcc-cross/arm-linux-gnueabi/:/usr/lib/gcc-cross/arm-linux-gnueabi/4.7/:/usr/lib/gcc-cross/arm-linux-gnueabi/:/usr/lib/gcc-cross/arm-linux-gnueabi/4.7/../../../../arm-linux-gnueabi/bin/]
  ignore line: [LIBRARY_PATH=/usr/lib/gcc-cross/arm-linux-gnueabi/4.7/../../../../arm-linux-gnueabi/lib/../lib/:/lib/../lib/:/usr/lib/../lib/:/usr/lib/gcc-cross/arm-linux-gnueabi/4.7/:/usr/lib/gcc-cross/arm-linux-gnueabi/4.7/../../../../arm-linux-gnueabi/lib/:/lib/:/usr/lib/]
  ignore line: [COLLECT_GCC_OPTIONS='-v' '-o' 'cmTryCompileExec3251946819' '-rdynamic' '-march=armv5t' '-mfloat-abi=soft' '-mtls-dialect=gnu']
  link line: [ /usr/lib/gcc-cross/arm-linux-gnueabi/4.7/collect2 --sysroot=/ --build-id --eh-frame-hdr -export-dynamic -dynamic-linker /lib/ld-linux.so.3 -X --hash-style=gnu --as-needed -m armelf_linux_eabi -z relro -o cmTryCompileExec3251946819 /usr/lib/gcc-cross/arm-linux-gnueabi/4.7/../../../../arm-linux-gnueabi/lib/../lib/crt1.o /usr/lib/gcc-cross/arm-linux-gnueabi/4.7/../../../../arm-linux-gnueabi/lib/../lib/crti.o /usr/lib/gcc-cross/arm-linux-gnueabi/4.7/crtbegin.o -L/usr/lib/gcc-cross/arm-linux-gnueabi/4.7/../../../../arm-linux-gnueabi/lib/../lib -L/lib/../lib -L/usr/lib/../lib -L/usr/lib/gcc-cross/arm-linux-gnueabi/4.7 -L/usr/lib/gcc-cross/arm-linux-gnueabi/4.7/../../../../arm-linux-gnueabi/lib CMakeFiles/cmTryCompileExec3251946819.dir/CMakeCCompilerABI.c.o -lgcc --as-needed -lgcc_s --no-as-needed -lc -lgcc --as-needed -lgcc_s --no-as-needed /usr/lib/gcc-cross/arm-linux-gnueabi/4.7/crtend.o /usr/lib/gcc-cross/arm-linux-gnueabi/4.7/../../../../arm-linux-gnueabi/lib/../lib/crtn.o]
    arg [/usr/lib/gcc-cross/arm-linux-gnueabi/4.7/collect2] ==> ignore
    arg [--sysroot=/] ==> ignore
    arg [--build-id] ==> ignore
    arg [--eh-frame-hdr] ==> ignore
    arg [-export-dynamic] ==> ignore
    arg [-dynamic-linker] ==> ignore
    arg [/lib/ld-linux.so.3] ==> ignore
    arg [-X] ==> ignore
    arg [--hash-style=gnu] ==> ignore
    arg [--as-needed] ==> ignore
    arg [-m] ==> ignore
    arg [armelf_linux_eabi] ==> ignore
    arg [-zrelro] ==> ignore
    arg [-o] ==> ignore
    arg [cmTryCompileExec3251946819] ==> ignore
    arg [/usr/lib/gcc-cross/arm-linux-gnueabi/4.7/../../../../arm-linux-gnueabi/lib/../lib/crt1.o] ==> ignore
    arg [/usr/lib/gcc-cross/arm-linux-gnueabi/4.7/../../../../arm-linux-gnueabi/lib/../lib/crti.o] ==> ignore
    arg [/usr/lib/gcc-cross/arm-linux-gnueabi/4.7/crtbegin.o] ==> ignore
    arg [-L/usr/lib/gcc-cross/arm-linux-gnueabi/4.7/../../../../arm-linux-gnueabi/lib/../lib] ==> dir [/usr/lib/gcc-cross/arm-linux-gnueabi/4.7/../../../../arm-linux-gnueabi/lib/../lib]
    arg [-L/lib/../lib] ==> dir [/lib/../lib]
    arg [-L/usr/lib/../lib] ==> dir [/usr/lib/../lib]
    arg [-L/usr/lib/gcc-cross/arm-linux-gnueabi/4.7] ==> dir [/usr/lib/gcc-cross/arm-linux-gnueabi/4.7]
    arg [-L/usr/lib/gcc-cross/arm-linux-gnueabi/4.7/../../../../arm-linux-gnueabi/lib] ==> dir [/usr/lib/gcc-cross/arm-linux-gnueabi/4.7/../../../../arm-linux-gnueabi/lib]
    arg [CMakeFiles/cmTryCompileExec3251946819.dir/CMakeCCompilerABI.c.o] ==> ignore
    arg [-lgcc] ==> lib [gcc]
    arg [--as-needed] ==> ignore
    arg [-lgcc_s] ==> lib [gcc_s]
    arg [--no-as-needed] ==> ignore
    arg [-lc] ==> lib [c]
    arg [-lgcc] ==> lib [gcc]
    arg [--as-needed] ==> ignore
    arg [-lgcc_s] ==> lib [gcc_s]
    arg [--no-as-needed] ==> ignore
    arg [/usr/lib/gcc-cross/arm-linux-gnueabi/4.7/crtend.o] ==> ignore
    arg [/usr/lib/gcc-cross/arm-linux-gnueabi/4.7/../../../../arm-linux-gnueabi/lib/../lib/crtn.o] ==> ignore
  remove lib [gcc]
  remove lib [gcc_s]
  remove lib [gcc]
  remove lib [gcc_s]
  collapse library dir [/usr/lib/gcc-cross/arm-linux-gnueabi/4.7/../../../../arm-linux-gnueabi/lib/../lib] ==> [/usr/arm-linux-gnueabi/lib]
  collapse library dir [/lib/../lib] ==> [/lib]
  collapse library dir [/usr/lib/../lib] ==> [/usr/lib]
  collapse library dir [/usr/lib/gcc-cross/arm-linux-gnueabi/4.7] ==> [/usr/lib/gcc-cross/arm-linux-gnueabi/4.7]
  collapse library dir [/usr/lib/gcc-cross/arm-linux-gnueabi/4.7/../../../../arm-linux-gnueabi/lib] ==> [/usr/arm-linux-gnueabi/lib]
  implicit libs: [c]
  implicit dirs: [/usr/arm-linux-gnueabi/lib;/lib;/usr/lib;/usr/lib/gcc-cross/arm-linux-gnueabi/4.7]
  implicit fwks: []


Determining if the CXX compiler works passed with the following output:
Change Dir: /home/moe/workspace/fp_github/flowerpower/c-s/build_arm/CMakeFiles/CMakeTmp

Run Build Command:/usr/bin/make "cmTryCompileExec1133933855/fast"
/usr/bin/make -f CMakeFiles/cmTryCompileExec1133933855.dir/build.make CMakeFiles/cmTryCompileExec1133933855.dir/build
make[1]: Entering directory `/home/moe/workspace/fp_github/flowerpower/c-s/build_arm/CMakeFiles/CMakeTmp'
/usr/bin/cmake -E cmake_progress_report /home/moe/workspace/fp_github/flowerpower/c-s/build_arm/CMakeFiles/CMakeTmp/CMakeFiles 1
Building CXX object CMakeFiles/cmTryCompileExec1133933855.dir/testCXXCompiler.cxx.o
/usr/bin/arm-linux-gnueabi-gcc     -o CMakeFiles/cmTryCompileExec1133933855.dir/testCXXCompiler.cxx.o -c /home/moe/workspace/fp_github/flowerpower/c-s/build_arm/CMakeFiles/CMakeTmp/testCXXCompiler.cxx
Linking CXX executable cmTryCompileExec1133933855
/usr/bin/cmake -E cmake_link_script CMakeFiles/cmTryCompileExec1133933855.dir/link.txt --verbose=1
/usr/bin/arm-linux-gnueabi-gcc        CMakeFiles/cmTryCompileExec1133933855.dir/testCXXCompiler.cxx.o  -o cmTryCompileExec1133933855 -rdynamic 
make[1]: Leaving directory `/home/moe/workspace/fp_github/flowerpower/c-s/build_arm/CMakeFiles/CMakeTmp'


Detecting CXX compiler ABI info compiled with the following output:
Change Dir: /home/moe/workspace/fp_github/flowerpower/c-s/build_arm/CMakeFiles/CMakeTmp

Run Build Command:/usr/bin/make "cmTryCompileExec3141769844/fast"
/usr/bin/make -f CMakeFiles/cmTryCompileExec3141769844.dir/build.make CMakeFiles/cmTryCompileExec3141769844.dir/build
make[1]: Entering directory `/home/moe/workspace/fp_github/flowerpower/c-s/build_arm/CMakeFiles/CMakeTmp'
/usr/bin/cmake -E cmake_progress_report /home/moe/workspace/fp_github/flowerpower/c-s/build_arm/CMakeFiles/CMakeTmp/CMakeFiles 1
Building CXX object CMakeFiles/cmTryCompileExec3141769844.dir/CMakeCXXCompilerABI.cpp.o
/usr/bin/arm-linux-gnueabi-gcc     -o CMakeFiles/cmTryCompileExec3141769844.dir/CMakeCXXCompilerABI.cpp.o -c /usr/share/cmake-2.8/Modules/CMakeCXXCompilerABI.cpp
Linking CXX executable cmTryCompileExec3141769844
/usr/bin/cmake -E cmake_link_script CMakeFiles/cmTryCompileExec3141769844.dir/link.txt --verbose=1
/usr/bin/arm-linux-gnueabi-gcc      -v CMakeFiles/cmTryCompileExec3141769844.dir/CMakeCXXCompilerABI.cpp.o  -o cmTryCompileExec3141769844 -rdynamic  
Using built-in specs.
COLLECT_GCC=/usr/bin/arm-linux-gnueabi-gcc
COLLECT_LTO_WRAPPER=/usr/lib/gcc-cross/arm-linux-gnueabi/4.7/lto-wrapper
Target: arm-linux-gnueabi
Configured with: ../src/configure -v --with-pkgversion='Ubuntu/Linaro 4.7.3-12ubuntu1' --with-bugurl=file:///usr/share/doc/gcc-4.7/README.Bugs --enable-languages=c,c++,go,fortran,objc,obj-c++ --prefix=/usr --program-suffix=-4.7 --enable-shared --enable-linker-build-id --libexecdir=/usr/lib --without-included-gettext --enable-threads=posix --with-gxx-include-dir=/usr/arm-linux-gnueabi/include/c++/4.7.3 --libdir=/usr/lib --enable-nls --with-sysroot=/ --enable-clocale=gnu --enable-libstdcxx-debug --enable-gnu-unique-object --disable-libmudflap --disable-libitm --enable-plugin --with-system-zlib --enable-objc-gc --with-cloog --enable-cloog-backend=ppl --disable-cloog-version-check --disable-ppl-version-check --enable-multiarch --enable-multilib --disable-sjlj-exceptions --with-arch=armv5t --with-float=soft --disable-werror --enable-checking=release --build=x86_64-linux-gnu --host=x86_64-linux-gnu --target=arm-linux-gnueabi --program-prefix=arm-linux-gnueabi- --includedir=/usr/arm-linux-gnueabi/include
Thread model: posix
gcc version 4.7.3 (Ubuntu/Linaro 4.7.3-12ubuntu1) 
COMPILER_PATH=/usr/lib/gcc-cross/arm-linux-gnueabi/4.7/:/usr/lib/gcc-cross/arm-linux-gnueabi/4.7/:/usr/lib/gcc-cross/arm-linux-gnueabi/:/usr/lib/gcc-cross/arm-linux-gnueabi/4.7/:/usr/lib/gcc-cross/arm-linux-gnueabi/:/usr/lib/gcc-cross/arm-linux-gnueabi/4.7/../../../../arm-linux-gnueabi/bin/
LIBRARY_PATH=/usr/lib/gcc-cross/arm-linux-gnueabi/4.7/../../../../arm-linux-gnueabi/lib/../lib/:/lib/../lib/:/usr/lib/../lib/:/usr/lib/gcc-cross/arm-linux-gnueabi/4.7/:/usr/lib/gcc-cross/arm-linux-gnueabi/4.7/../../../../arm-linux-gnueabi/lib/:/lib/:/usr/lib/
COLLECT_GCC_OPTIONS='-v' '-o' 'cmTryCompileExec3141769844' '-rdynamic' '-march=armv5t' '-mfloat-abi=soft' '-mtls-dialect=gnu'
 /usr/lib/gcc-cross/arm-linux-gnueabi/4.7/collect2 --sysroot=/ --build-id --eh-frame-hdr -export-dynamic -dynamic-linker /lib/ld-linux.so.3 -X --hash-style=gnu --as-needed -m armelf_linux_eabi -z relro -o cmTryCompileExec3141769844 /usr/lib/gcc-cross/arm-linux-gnueabi/4.7/../../../../arm-linux-gnueabi/lib/../lib/crt1.o /usr/lib/gcc-cross/arm-linux-gnueabi/4.7/../../../../arm-linux-gnueabi/lib/../lib/crti.o /usr/lib/gcc-cross/arm-linux-gnueabi/4.7/crtbegin.o -L/usr/lib/gcc-cross/arm-linux-gnueabi/4.7/../../../../arm-linux-gnueabi/lib/../lib -L/lib/../lib -L/usr/lib/../lib -L/usr/lib/gcc-cross/arm-linux-gnueabi/4.7 -L/usr/lib/gcc-cross/arm-linux-gnueabi/4.7/../../../../arm-linux-gnueabi/lib CMakeFiles/cmTryCompileExec3141769844.dir/CMakeCXXCompilerABI.cpp.o -lgcc --as-needed -lgcc_s --no-as-needed -lc -lgcc --as-needed -lgcc_s --no-as-needed /usr/lib/gcc-cross/arm-linux-gnueabi/4.7/crtend.o /usr/lib/gcc-cross/arm-linux-gnueabi/4.7/../../../../arm-linux-gnueabi/lib/../lib/crtn.o
make[1]: Leaving directory `/home/moe/workspace/fp_github/flowerpower/c-s/build_arm/CMakeFiles/CMakeTmp'


Parsed CXX implicit link information from above output:
  link line regex: [^( *|.*[/\])(ld|([^/\]+-)?ld|collect2)[^/\]*( |$)]
  ignore line: [Change Dir: /home/moe/workspace/fp_github/flowerpower/c-s/build_arm/CMakeFiles/CMakeTmp]
  ignore line: []
  ignore line: [Run Build Command:/usr/bin/make "cmTryCompileExec3141769844/fast"]
  ignore line: [/usr/bin/make -f CMakeFiles/cmTryCompileExec3141769844.dir/build.make CMakeFiles/cmTryCompileExec3141769844.dir/build]
  ignore line: [make[1]: Entering directory `/home/moe/workspace/fp_github/flowerpower/c-s/build_arm/CMakeFiles/CMakeTmp']
  ignore line: [/usr/bin/cmake -E cmake_progress_report /home/moe/workspace/fp_github/flowerpower/c-s/build_arm/CMakeFiles/CMakeTmp/CMakeFiles 1]
  ignore line: [Building CXX object CMakeFiles/cmTryCompileExec3141769844.dir/CMakeCXXCompilerABI.cpp.o]
  ignore line: [/usr/bin/arm-linux-gnueabi-gcc     -o CMakeFiles/cmTryCompileExec3141769844.dir/CMakeCXXCompilerABI.cpp.o -c /usr/share/cmake-2.8/Modules/CMakeCXXCompilerABI.cpp]
  ignore line: [Linking CXX executable cmTryCompileExec3141769844]
  ignore line: [/usr/bin/cmake -E cmake_link_script CMakeFiles/cmTryCompileExec3141769844.dir/link.txt --verbose=1]
  ignore line: [/usr/bin/arm-linux-gnueabi-gcc      -v CMakeFiles/cmTryCompileExec3141769844.dir/CMakeCXXCompilerABI.cpp.o  -o cmTryCompileExec3141769844 -rdynamic  ]
  ignore line: [Using built-in specs.]
  ignore line: [COLLECT_GCC=/usr/bin/arm-linux-gnueabi-gcc]
  ignore line: [COLLECT_LTO_WRAPPER=/usr/lib/gcc-cross/arm-linux-gnueabi/4.7/lto-wrapper]
  ignore line: [Target: arm-linux-gnueabi]
  ignore line: [Configured with: ../src/configure -v --with-pkgversion='Ubuntu/Linaro 4.7.3-12ubuntu1' --with-bugurl=file:///usr/share/doc/gcc-4.7/README.Bugs --enable-languages=c,c++,go,fortran,objc,obj-c++ --prefix=/usr --program-suffix=-4.7 --enable-shared --enable-linker-build-id --libexecdir=/usr/lib --without-included-gettext --enable-threads=posix --with-gxx-include-dir=/usr/arm-linux-gnueabi/include/c++/4.7.3 --libdir=/usr/lib --enable-nls --with-sysroot=/ --enable-clocale=gnu --enable-libstdcxx-debug --enable-gnu-unique-object --disable-libmudflap --disable-libitm --enable-plugin --with-system-zlib --enable-objc-gc --with-cloog --enable-cloog-backend=ppl --disable-cloog-version-check --disable-ppl-version-check --enable-multiarch --enable-multilib --disable-sjlj-exceptions --with-arch=armv5t --with-float=soft --disable-werror --enable-checking=release --build=x86_64-linux-gnu --host=x86_64-linux-gnu --target=arm-linux-gnueabi --program-prefix=arm-linux-gnueabi- --includedir=/usr/arm-linux-gnueabi/include]
  ignore line: [Thread model: posix]
  ignore line: [gcc version 4.7.3 (Ubuntu/Linaro 4.7.3-12ubuntu1) ]
  ignore line: [COMPILER_PATH=/usr/lib/gcc-cross/arm-linux-gnueabi/4.7/:/usr/lib/gcc-cross/arm-linux-gnueabi/4.7/:/usr/lib/gcc-cross/arm-linux-gnueabi/:/usr/lib/gcc-cross/arm-linux-gnueabi/4.7/:/usr/lib/gcc-cross/arm-linux-gnueabi/:/usr/lib/gcc-cross/arm-linux-gnueabi/4.7/../../../../arm-linux-gnueabi/bin/]
  ignore line: [LIBRARY_PATH=/usr/lib/gcc-cross/arm-linux-gnueabi/4.7/../../../../arm-linux-gnueabi/lib/../lib/:/lib/../lib/:/usr/lib/../lib/:/usr/lib/gcc-cross/arm-linux-gnueabi/4.7/:/usr/lib/gcc-cross/arm-linux-gnueabi/4.7/../../../../arm-linux-gnueabi/lib/:/lib/:/usr/lib/]
  ignore line: [COLLECT_GCC_OPTIONS='-v' '-o' 'cmTryCompileExec3141769844' '-rdynamic' '-march=armv5t' '-mfloat-abi=soft' '-mtls-dialect=gnu']
  link line: [ /usr/lib/gcc-cross/arm-linux-gnueabi/4.7/collect2 --sysroot=/ --build-id --eh-frame-hdr -export-dynamic -dynamic-linker /lib/ld-linux.so.3 -X --hash-style=gnu --as-needed -m armelf_linux_eabi -z relro -o cmTryCompileExec3141769844 /usr/lib/gcc-cross/arm-linux-gnueabi/4.7/../../../../arm-linux-gnueabi/lib/../lib/crt1.o /usr/lib/gcc-cross/arm-linux-gnueabi/4.7/../../../../arm-linux-gnueabi/lib/../lib/crti.o /usr/lib/gcc-cross/arm-linux-gnueabi/4.7/crtbegin.o -L/usr/lib/gcc-cross/arm-linux-gnueabi/4.7/../../../../arm-linux-gnueabi/lib/../lib -L/lib/../lib -L/usr/lib/../lib -L/usr/lib/gcc-cross/arm-linux-gnueabi/4.7 -L/usr/lib/gcc-cross/arm-linux-gnueabi/4.7/../../../../arm-linux-gnueabi/lib CMakeFiles/cmTryCompileExec3141769844.dir/CMakeCXXCompilerABI.cpp.o -lgcc --as-needed -lgcc_s --no-as-needed -lc -lgcc --as-needed -lgcc_s --no-as-needed /usr/lib/gcc-cross/arm-linux-gnueabi/4.7/crtend.o /usr/lib/gcc-cross/arm-linux-gnueabi/4.7/../../../../arm-linux-gnueabi/lib/../lib/crtn.o]
    arg [/usr/lib/gcc-cross/arm-linux-gnueabi/4.7/collect2] ==> ignore
    arg [--sysroot=/] ==> ignore
    arg [--build-id] ==> ignore
    arg [--eh-frame-hdr] ==> ignore
    arg [-export-dynamic] ==> ignore
    arg [-dynamic-linker] ==> ignore
    arg [/lib/ld-linux.so.3] ==> ignore
    arg [-X] ==> ignore
    arg [--hash-style=gnu] ==> ignore
    arg [--as-needed] ==> ignore
    arg [-m] ==> ignore
    arg [armelf_linux_eabi] ==> ignore
    arg [-zrelro] ==> ignore
    arg [-o] ==> ignore
    arg [cmTryCompileExec3141769844] ==> ignore
    arg [/usr/lib/gcc-cross/arm-linux-gnueabi/4.7/../../../../arm-linux-gnueabi/lib/../lib/crt1.o] ==> ignore
    arg [/usr/lib/gcc-cross/arm-linux-gnueabi/4.7/../../../../arm-linux-gnueabi/lib/../lib/crti.o] ==> ignore
    arg [/usr/lib/gcc-cross/arm-linux-gnueabi/4.7/crtbegin.o] ==> ignore
    arg [-L/usr/lib/gcc-cross/arm-linux-gnueabi/4.7/../../../../arm-linux-gnueabi/lib/../lib] ==> dir [/usr/lib/gcc-cross/arm-linux-gnueabi/4.7/../../../../arm-linux-gnueabi/lib/../lib]
    arg [-L/lib/../lib] ==> dir [/lib/../lib]
    arg [-L/usr/lib/../lib] ==> dir [/usr/lib/../lib]
    arg [-L/usr/lib/gcc-cross/arm-linux-gnueabi/4.7] ==> dir [/usr/lib/gcc-cross/arm-linux-gnueabi/4.7]
    arg [-L/usr/lib/gcc-cross/arm-linux-gnueabi/4.7/../../../../arm-linux-gnueabi/lib] ==> dir [/usr/lib/gcc-cross/arm-linux-gnueabi/4.7/../../../../arm-linux-gnueabi/lib]
    arg [CMakeFiles/cmTryCompileExec3141769844.dir/CMakeCXXCompilerABI.cpp.o] ==> ignore
    arg [-lgcc] ==> lib [gcc]
    arg [--as-needed] ==> ignore
    arg [-lgcc_s] ==> lib [gcc_s]
    arg [--no-as-needed] ==> ignore
    arg [-lc] ==> lib [c]
    arg [-lgcc] ==> lib [gcc]
    arg [--as-needed] ==> ignore
    arg [-lgcc_s] ==> lib [gcc_s]
    arg [--no-as-needed] ==> ignore
    arg [/usr/lib/gcc-cross/arm-linux-gnueabi/4.7/crtend.o] ==> ignore
    arg [/usr/lib/gcc-cross/arm-linux-gnueabi/4.7/../../../../arm-linux-gnueabi/lib/../lib/crtn.o] ==> ignore
  remove lib [gcc]
  remove lib [gcc_s]
  remove lib [gcc]
  remove lib [gcc_s]
  collapse library dir [/usr/lib/gcc-cross/arm-linux-gnueabi/4.7/../../../../arm-linux-gnueabi/lib/../lib] ==> [/usr/arm-linux-gnueabi/lib]
  collapse library dir [/lib/../lib] ==> [/lib]
  collapse library dir [/usr/lib/../lib] ==> [/usr/lib]
  collapse library dir [/usr/lib/gcc-cross/arm-linux-gnueabi/4.7] ==> [/usr/lib/gcc-cross/arm-linux-gnueabi/4.7]
  collapse library dir [/usr/lib/gcc-cross/arm-linux-gnueabi/4.7/../../../../arm-linux-gnueabi/lib] ==> [/usr/arm-linux-gnueabi/lib]
  implicit libs: [c]
  implicit dirs: [/usr/arm-linux-gnueabi/lib;/lib;/usr/lib;/usr/lib/gcc-cross/arm-linux-gnueabi/4.7]
  implicit fwks: []


